
/home/runner/work/exp-interface-led-with-pi-au/exp-interface-led-with-pi-au/experiment/simulation/js/index-1d4082be.js
    58:29  warning  Do not access Object.prototype method 'hasOwnProperty' from target object  no-prototype-builtins
    94:21  warning  Do not access Object.prototype method 'hasOwnProperty' from target object  no-prototype-builtins
    98:21  warning  Do not access Object.prototype method 'hasOwnProperty' from target object  no-prototype-builtins
   128:12  warning  Do not access Object.prototype method 'hasOwnProperty' from target object  no-prototype-builtins
   273:10  warning  Expected a conditional expression and instead saw an assignment            no-cond-assign
   290:14  warning  Expected a conditional expression and instead saw an assignment            no-cond-assign
   421:16  warning  'n' is assigned a value but never used                                     no-unused-vars
  1063:25  warning  Expected a 'break' statement before 'case'                                 no-fallthrough
  1319:10  warning  Expected a conditional expression and instead saw an assignment            no-cond-assign
  1346:16  warning  Expected a conditional expression and instead saw an assignment            no-cond-assign
  1348:20  warning  Expected a conditional expression and instead saw an assignment            no-cond-assign
  1350:24  warning  Expected a conditional expression and instead saw an assignment            no-cond-assign
  1352:28  warning  Expected a conditional expression and instead saw an assignment            no-cond-assign
  1354:32  warning  Expected a conditional expression and instead saw an assignment            no-cond-assign
  1356:36  warning  Expected a conditional expression and instead saw an assignment            no-cond-assign
  1358:42  warning  Do not access Object.prototype method 'hasOwnProperty' from target object  no-prototype-builtins
  1675:65  warning  'WebKitCSSMatrix' is not defined                                           no-undef
  2027:20  warning  Expected a conditional expression and instead saw an assignment            no-cond-assign
  2724:17  warning  'n' is defined but never used                                              no-unused-vars
  2727:15  warning  'n' is defined but never used                                              no-unused-vars
  2944:51  warning  'connectedPointSequence' is not defined                                    no-undef

/home/runner/work/exp-interface-led-with-pi-au/exp-interface-led-with-pi-au/experiment/simulation/js/index-90dd22c1.js
    58:17  warning  Do not access Object.prototype method 'hasOwnProperty' from target object  no-prototype-builtins
    94:17  warning  Do not access Object.prototype method 'hasOwnProperty' from target object  no-prototype-builtins
    98:17  warning  Do not access Object.prototype method 'hasOwnProperty' from target object  no-prototype-builtins
   128:8   warning  Do not access Object.prototype method 'hasOwnProperty' from target object  no-prototype-builtins
   273:6   warning  Expected a conditional expression and instead saw an assignment            no-cond-assign
   290:8   warning  Expected a conditional expression and instead saw an assignment            no-cond-assign
   421:14  warning  'n' is assigned a value but never used                                     no-unused-vars
  1063:13  warning  Expected a 'break' statement before 'case'                                 no-fallthrough
  1319:6   warning  Expected a conditional expression and instead saw an assignment            no-cond-assign
  1346:10  warning  Expected a conditional expression and instead saw an assignment            no-cond-assign
  1348:10  warning  Expected a conditional expression and instead saw an assignment            no-cond-assign
  1350:10  warning  Expected a conditional expression and instead saw an assignment            no-cond-assign
  1352:10  warning  Expected a conditional expression and instead saw an assignment            no-cond-assign
  1354:10  warning  Expected a conditional expression and instead saw an assignment            no-cond-assign
  1356:10  warning  Expected a conditional expression and instead saw an assignment            no-cond-assign
  1358:12  warning  Do not access Object.prototype method 'hasOwnProperty' from target object  no-prototype-builtins
  1676:63  warning  'WebKitCSSMatrix' is not defined                                           no-undef
  2028:10  warning  Expected a conditional expression and instead saw an assignment            no-cond-assign
  2735:15  warning  'n' is defined but never used                                              no-unused-vars
  2738:13  warning  'n' is defined but never used                                              no-unused-vars

/home/runner/work/exp-interface-led-with-pi-au/exp-interface-led-with-pi-au/experiment/simulation/js/index-bd3c3e38.js
    58:17  warning  Do not access Object.prototype method 'hasOwnProperty' from target object  no-prototype-builtins
    94:17  warning  Do not access Object.prototype method 'hasOwnProperty' from target object  no-prototype-builtins
    98:17  warning  Do not access Object.prototype method 'hasOwnProperty' from target object  no-prototype-builtins
   128:8   warning  Do not access Object.prototype method 'hasOwnProperty' from target object  no-prototype-builtins
   273:6   warning  Expected a conditional expression and instead saw an assignment            no-cond-assign
   290:8   warning  Expected a conditional expression and instead saw an assignment            no-cond-assign
   421:14  warning  'n' is assigned a value but never used                                     no-unused-vars
  1063:13  warning  Expected a 'break' statement before 'case'                                 no-fallthrough
  1319:6   warning  Expected a conditional expression and instead saw an assignment            no-cond-assign
  1346:10  warning  Expected a conditional expression and instead saw an assignment            no-cond-assign
  1348:10  warning  Expected a conditional expression and instead saw an assignment            no-cond-assign
  1350:10  warning  Expected a conditional expression and instead saw an assignment            no-cond-assign
  1352:10  warning  Expected a conditional expression and instead saw an assignment            no-cond-assign
  1354:10  warning  Expected a conditional expression and instead saw an assignment            no-cond-assign
  1356:10  warning  Expected a conditional expression and instead saw an assignment            no-cond-assign
  1358:12  warning  Do not access Object.prototype method 'hasOwnProperty' from target object  no-prototype-builtins
  1676:63  warning  'WebKitCSSMatrix' is not defined                                           no-undef
  2028:10  warning  Expected a conditional expression and instead saw an assignment            no-cond-assign
  2735:15  warning  'n' is defined but never used                                              no-unused-vars
  2738:13  warning  'n' is defined but never used                                              no-unused-vars
  3046:45  warning  'connectedPointSequence' is not defined                                    no-undef
  3056:21  warning  'e' is defined but never used                                              no-unused-vars
  3057:19  warning  'r' is defined but never used                                              no-unused-vars

✖ 64 problems (0 errors, 64 warnings)

